Watching for file changes with StatReloader
Exception in thread django-main-thread:
Traceback (most recent call last):
  File "C:\Users\krish\AppData\Local\Programs\Python\Python38\lib\threading.py", line 932, in _bootstrap_inner
    self.run()
  File "C:\Users\krish\AppData\Local\Programs\Python\Python38\lib\threading.py", line 870, in run
    self._target(*self._args, **self._kwargs)
  File "C:\Users\krish\AppData\Local\Programs\Python\Python38\lib\site-packages\django\utils\autoreload.py", line 64, in wrapper
    fn(*args, **kwargs)
  File "C:\Users\krish\AppData\Local\Programs\Python\Python38\lib\site-packages\django\core\management\commands\runserver.py", line 125, in inner_run
    autoreload.raise_last_exception()
  File "C:\Users\krish\AppData\Local\Programs\Python\Python38\lib\site-packages\django\utils\autoreload.py", line 86, in raise_last_exception
    raise _exception[1]
  File "C:\Users\krish\AppData\Local\Programs\Python\Python38\lib\site-packages\django\core\management\__init__.py", line 394, in execute
    autoreload.check_errors(django.setup)()
  File "C:\Users\krish\AppData\Local\Programs\Python\Python38\lib\site-packages\django\utils\autoreload.py", line 64, in wrapper
    fn(*args, **kwargs)
  File "C:\Users\krish\AppData\Local\Programs\Python\Python38\lib\site-packages\django\__init__.py", line 24, in setup
    apps.populate(settings.INSTALLED_APPS)
  File "C:\Users\krish\AppData\Local\Programs\Python\Python38\lib\site-packages\django\apps\registry.py", line 91, in populate
    app_config = AppConfig.create(entry)
  File "C:\Users\krish\AppData\Local\Programs\Python\Python38\lib\site-packages\django\apps\config.py", line 193, in create
    import_module(entry)
  File "C:\Users\krish\AppData\Local\Programs\Python\Python38\lib\importlib\__init__.py", line 127, in import_module
    return _bootstrap._gcd_import(name[level:], package, level)
  File "<frozen importlib._bootstrap>", line 1014, in _gcd_import
  File "<frozen importlib._bootstrap>", line 991, in _find_and_load
  File "<frozen importlib._bootstrap>", line 973, in _find_and_load_unlocked
ModuleNotFoundError: No module named 'doctor'
C:\Users\krish\Downloads\w7s1t1\minor_project-2django\hospital_management_system\hospital_management_system\settings.py changed, reloading.
Watching for file changes with StatReloader
